<?xml version="1.0" encoding="UTF-8"?>
<testsuite name="Probar la pagina demo Serenity" tests="1" skipped="0" failures="1" errors="0" timestamp="2023-02-16T04:05:33" hostname="DESKTOP-GTDSGL0" time="19.231">
  <properties/>
  <testcase name="Buscar un cliente" classname="Probar la pagina demo Serenity" time="19.231">
    <failure message="java.lang.NullPointerException: Cannot invoke &quot;net.serenitybdd.core.pages.WebElementFacade.clear()&quot; because the return value of &quot;pages.InicioPage.getTxtUser()&quot; is null" type="java.lang.NullPointerException">java.lang.NullPointerException: Cannot invoke &quot;net.serenitybdd.core.pages.WebElementFacade.clear()&quot; because the return value of &quot;pages.InicioPage.getTxtUser()&quot; is null
	at Steps.BuscarClienteStep.BuscarCliente(BuscarClienteStep.java:34)
	at Definitions.BuscarClienteDefinition.elUsuarioIntroduceUnDeClienteEnLaBarraDeBusqueda(BuscarClienteDefinition.java:25)
	at ✽.el usuario introduce un &quot;ALFKI&quot; de cliente en la barra de busqueda(file:///C:/Users/deniw/Documents/Intellij/pruebas_2/src/test/resources/Features/buscarCliente.feature:7)
</failure>
  </testcase>
  <system-out><![CDATA[]]></system-out>
  <system-err><![CDATA[[Test worker] INFO io.cucumber.core.plugin.SerenityReporter - Running feature from file:///C:/Users/deniw/Documents/Intellij/pruebas_2/src/test/resources/Features/buscarCliente.feature
[Test worker] WARN io.cucumber.core.plugin.SerenityReporter - Feature from file:///C:/Users/deniw/Documents/Intellij/pruebas_2/src/test/resources/Features/buscarCliente.feature is not under the 'features' directory. Requirements report will not be correctly generated!
[Test worker] INFO  - 
  _____   ___   ___   _____     ___   _____     _     ___   _____   ___   ___  
 |_   _| | __| / __| |_   _|   / __| |_   _|   /_\   | _ \ |_   _| | __| |   \ 
   | |   | _|  \__ \   | |     \__ \   | |    / _ \  |   /   | |   | _|  | |) |
   |_|   |___| |___/   |_|     |___/   |_|   /_/ \_\ |_|_\   |_|   |___| |___/ 

Buscar un cliente(probar-la-pagina-demo-serenity;buscar-un-cliente)
--------------------------------------------------------------------------------
Starting ChromeDriver 110.0.5481.77 (65ed616c6e8ee3fe0ad64fe83796c020644d42af-refs/branch-heads/5481@{#839}) on port 4366
Only local connections are allowed.
Please see https://chromedriver.chromium.org/security-considerations for suggestions on keeping ChromeDriver safe.
ChromeDriver was started successfully.
[1676520336.010][WARNING]: virtual void DevToolsClientImpl::AddListener(DevToolsEventListener *) subscribing a listener to the already connected DevToolsClient. Connection notification will not arrive.
feb. 15, 2023 11:05:36 P. M. org.openqa.selenium.devtools.CdpVersionFinder findNearestMatch
WARNING: Unable to find an exact match for CDP version 110, so returning the closest version found: 107
[Test worker] ERROR  - 
  _____   ___   ___   _____     ___   ___   ___    ___    ___ 
 |_   _| | __| / __| |_   _|   | __| | _ \ | _ \  / _ \  | _ \
   | |   | _|  \__ \   | |     | _|  |   / |   / | (_) | |   /
   |_|   |___| |___/   |_|     |___| |_|_\ |_|_\  \___/  |_|_\

Buscar un cliente
---------------------------------------------------------------
[Test worker] ERROR  -     Test failed at step: Cuando el usuario introduce un "ALFKI" de cliente en la barra de busqueda
[Test worker] ERROR  -     Cannot invoke "net.serenitybdd.core.pages.WebElementFacade.clear()" because the return value of "pages.InicioPage.getTxtUser()" is null
]]></system-err>
</testsuite>
